This file contains any messages produced by compilers while
running configure, to aid debugging if configure makes a mistake.

It was created by myprog configure 1.2.3, which was
generated by GNU Autoconf 2.61.  Invocation command line was

  $ ./configure 

## --------- ##
## Platform. ##
## --------- ##

hostname = leonti-laptop
uname -m = x86_64
uname -r = 2.6.22.17-0.1-default
uname -s = Linux
uname -v = #1 SMP 2008/02/10 20:01:04 UTC

/usr/bin/uname -p = unknown
/bin/uname -X     = unknown

/bin/arch              = x86_64
/usr/bin/arch -k       = unknown
/usr/convex/getsysinfo = unknown
/usr/bin/hostinfo      = unknown
/bin/machine           = unknown
/usr/bin/oslevel       = unknown
/bin/universe          = unknown

PATH: /opt/kde3/bin
PATH: /usr/bin
PATH: /opt/wx/2.8/bin
PATH: /usr/local/include/mysql++
PATH: /usr/local/bin
PATH: /usr/bin
PATH: /bin
PATH: /usr/bin/X11
PATH: /usr/X11R6/bin
PATH: /usr/games
PATH: /usr/lib64/jvm/jre/bin
PATH: /usr/lib/mit/bin
PATH: /usr/lib/mit/sbin
PATH: /usr/lib/qt3/bin


## ----------- ##
## Core tests. ##
## ----------- ##

configure:1798: checking build system type
configure:1816: result: x86_64-suse-linux-gnu
configure:1838: checking host system type
configure:1853: result: x86_64-suse-linux-gnu
configure:1875: checking target system type
configure:1890: result: x86_64-suse-linux-gnu
configure:1985: checking for wx-config
configure:2004: found /opt/wx/2.8/bin/wx-config
configure:2017: result: /opt/wx/2.8/bin/wx-config
configure:2032: checking for wxWidgets version >= 2.6.0
configure:2079: result: yes (version 2.8.7)
configure:2083: checking for wxWidgets static library
configure:2087: result: no
configure:2229: checking if wxWidgets was built with UNICODE enabled
configure:2232: result: yes
configure:2242: checking if wxWidgets was built in DEBUG or RELEASE mode
configure:2245: result: debug
configure:2254: checking if wxWidgets was built in SHARED or STATIC mode
configure:2257: result: shared
configure:2318: checking for gcc
configure:2334: found /usr/bin/gcc
configure:2345: result: gcc
configure:2583: checking for C compiler version
configure:2590: gcc --version >&5
gcc (GCC) 4.2.1 (SUSE Linux)
Copyright (C) 2007 Free Software Foundation, Inc.
This is free software; see the source for copying conditions.  There is NO
warranty; not even for MERCHANTABILITY or FITNESS FOR A PARTICULAR PURPOSE.

configure:2593: $? = 0
configure:2600: gcc -v >&5
Using built-in specs.
Target: x86_64-suse-linux
Configured with: ../configure --enable-threads=posix --prefix=/usr --with-local-prefix=/usr/local --infodir=/usr/share/info --mandir=/usr/share/man --libdir=/usr/lib64 --libexecdir=/usr/lib64 --enable-languages=c,c++,objc,fortran,obj-c++,java,ada --enable-checking=release --with-gxx-include-dir=/usr/include/c++/4.2.1 --enable-ssp --disable-libssp --disable-libgcj --with-slibdir=/lib64 --with-system-zlib --enable-shared --enable-__cxa_atexit --enable-libstdcxx-allocator=new --disable-libstdcxx-pch --program-suffix=-4.2 --enable-version-specific-runtime-libs --without-system-libunwind --with-cpu=generic --host=x86_64-suse-linux
Thread model: posix
gcc version 4.2.1 (SUSE Linux)
configure:2603: $? = 0
configure:2610: gcc -V >&5
gcc: '-V' option must have argument
configure:2613: $? = 1
configure:2636: checking for C compiler default output file name
configure:2663: gcc  -pthread   -L/opt/wx/2.8/lib -pthread   -L/usr/lib64   -lwx_gtk2u-2.8  conftest.c  >&5
configure:2666: $? = 0
configure:2704: result: a.out
configure:2721: checking whether the C compiler works
configure:2731: ./a.out
configure:2734: $? = 0
configure:2751: result: yes
configure:2758: checking whether we are cross compiling
configure:2760: result: no
configure:2763: checking for suffix of executables
configure:2770: gcc -o conftest  -pthread   -L/opt/wx/2.8/lib -pthread   -L/usr/lib64   -lwx_gtk2u-2.8  conftest.c  >&5
configure:2773: $? = 0
configure:2797: result: 
configure:2803: checking for suffix of object files
configure:2829: gcc -c  -pthread  conftest.c >&5
configure:2832: $? = 0
configure:2855: result: o
configure:2859: checking whether we are using the GNU C compiler
configure:2888: gcc -c  -pthread  conftest.c >&5
configure:2894: $? = 0
configure:2911: result: yes
configure:2916: checking whether gcc accepts -g
configure:2946: gcc -c -g  conftest.c >&5
configure:2952: $? = 0
configure:3051: result: yes
configure:3068: checking for gcc option to accept ISO C89
configure:3142: gcc  -c  -pthread  conftest.c >&5
configure:3148: $? = 0
configure:3171: result: none needed
configure:3198: checking whether we are using the Intel C compiler
configure:3228: gcc -c  -pthread  conftest.c >&5
conftest.c: In function 'main':
conftest.c:14: error: 'choke' undeclared (first use in this function)
conftest.c:14: error: (Each undeclared identifier is reported only once
conftest.c:14: error: for each function it appears in.)
conftest.c:14: error: expected ';' before 'me'
configure:3234: $? = 1
configure: failed program was:
| /* confdefs.h.  */
| #define PACKAGE_NAME "myprog"
| #define PACKAGE_TARNAME "myprog"
| #define PACKAGE_VERSION "1.2.3"
| #define PACKAGE_STRING "myprog 1.2.3"
| #define PACKAGE_BUGREPORT "mymail@myserver.com"
| /* end confdefs.h.  */
| 
| int
| main ()
| {
| 
|              #ifndef __INTEL_COMPILER
|                 choke me
|              #endif
| 
|   ;
|   return 0;
| }
configure:3252: result: no
configure:4189: checking for g++
configure:4205: found /usr/bin/g++
configure:4216: result: g++
configure:4247: checking for C++ compiler version
configure:4254: g++ --version >&5
g++ (GCC) 4.2.1 (SUSE Linux)
Copyright (C) 2007 Free Software Foundation, Inc.
This is free software; see the source for copying conditions.  There is NO
warranty; not even for MERCHANTABILITY or FITNESS FOR A PARTICULAR PURPOSE.

configure:4257: $? = 0
configure:4264: g++ -v >&5
Using built-in specs.
Target: x86_64-suse-linux
Configured with: ../configure --enable-threads=posix --prefix=/usr --with-local-prefix=/usr/local --infodir=/usr/share/info --mandir=/usr/share/man --libdir=/usr/lib64 --libexecdir=/usr/lib64 --enable-languages=c,c++,objc,fortran,obj-c++,java,ada --enable-checking=release --with-gxx-include-dir=/usr/include/c++/4.2.1 --enable-ssp --disable-libssp --disable-libgcj --with-slibdir=/lib64 --with-system-zlib --enable-shared --enable-__cxa_atexit --enable-libstdcxx-allocator=new --disable-libstdcxx-pch --program-suffix=-4.2 --enable-version-specific-runtime-libs --without-system-libunwind --with-cpu=generic --host=x86_64-suse-linux
Thread model: posix
gcc version 4.2.1 (SUSE Linux)
configure:4267: $? = 0
configure:4274: g++ -V >&5
g++: '-V' option must have argument
configure:4277: $? = 1
configure:4280: checking whether we are using the GNU C++ compiler
configure:4309: g++ -c  -I/opt/wx/2.8/lib/wx/include/gtk2-unicode-release-2.8 -I/opt/wx/2.8/include/wx-2.8 -D_FILE_OFFSET_BITS=64 -D_LARGE_FILES -D__WXGTK__ -pthread  conftest.cpp >&5
configure:4315: $? = 0
configure:4332: result: yes
configure:4337: checking whether g++ accepts -g
configure:4367: g++ -c -g  conftest.cpp >&5
configure:4373: $? = 0
configure:4472: result: yes
configure:4504: checking whether we are using the Intel C++ compiler
configure:4534: g++ -c  -I/opt/wx/2.8/lib/wx/include/gtk2-unicode-release-2.8 -I/opt/wx/2.8/include/wx-2.8 -D_FILE_OFFSET_BITS=64 -D_LARGE_FILES -D__WXGTK__ -pthread  conftest.cpp >&5
conftest.cpp: In function 'int main()':
conftest.cpp:14: error: 'choke' was not declared in this scope
conftest.cpp:14: error: expected `;' before 'me'
configure:4540: $? = 1
configure: failed program was:
| /* confdefs.h.  */
| #define PACKAGE_NAME "myprog"
| #define PACKAGE_TARNAME "myprog"
| #define PACKAGE_VERSION "1.2.3"
| #define PACKAGE_STRING "myprog 1.2.3"
| #define PACKAGE_BUGREPORT "mymail@myserver.com"
| /* end confdefs.h.  */
| 
| int
| main ()
| {
| 
|              #ifndef __INTEL_COMPILER
|                 choke me
|              #endif
| 
|   ;
|   return 0;
| }
configure:4558: result: no
configure:5120: checking whether we are using the Sun C++ compiler
configure:5150: g++ -c  -I/opt/wx/2.8/lib/wx/include/gtk2-unicode-release-2.8 -I/opt/wx/2.8/include/wx-2.8 -D_FILE_OFFSET_BITS=64 -D_LARGE_FILES -D__WXGTK__ -pthread  conftest.cpp >&5
conftest.cpp: In function 'int main()':
conftest.cpp:14: error: 'choke' was not declared in this scope
conftest.cpp:14: error: expected `;' before 'me'
configure:5156: $? = 1
configure: failed program was:
| /* confdefs.h.  */
| #define PACKAGE_NAME "myprog"
| #define PACKAGE_TARNAME "myprog"
| #define PACKAGE_VERSION "1.2.3"
| #define PACKAGE_STRING "myprog 1.2.3"
| #define PACKAGE_BUGREPORT "mymail@myserver.com"
| /* end confdefs.h.  */
| 
| int
| main ()
| {
| 
|              #ifndef __SUNPRO_CC
|                 choke me
|              #endif
| 
|   ;
|   return 0;
| }
configure:5174: result: no
configure:5495: checking for ranlib
configure:5511: found /usr/bin/ranlib
configure:5522: result: ranlib
configure:5561: checking for a BSD-compatible install
configure:5617: result: /usr/bin/install -c
configure:5628: checking whether ln -s works
configure:5632: result: yes
configure:5640: checking whether make sets $(MAKE)
configure:5661: result: yes
configure:5724: checking for ar
configure:5740: found /usr/bin/ar
configure:5751: result: ar
configure:5824: checking for strip
configure:5840: found /usr/bin/strip
configure:5851: result: strip
configure:5920: checking for nm
configure:5936: found /usr/bin/nm
configure:5947: result: nm
configure:5974: checking for command to install directories
configure:5981: result: /usr/bin/install -c -d
configure:5999: checking if make is GNU make
configure:6013: result: yes
configure:7082: checking for dependency tracking method
configure:7103: result: gcc
configure:7657: creating ./config.status

## ---------------------- ##
## Running config.status. ##
## ---------------------- ##

This file was extended by myprog config.status 1.2.3, which was
generated by GNU Autoconf 2.61.  Invocation command line was

  CONFIG_FILES    = 
  CONFIG_HEADERS  = 
  CONFIG_LINKS    = 
  CONFIG_COMMANDS = 
  $ ./config.status 

on leonti-laptop

config.status:662: creating Makefile

## ---------------- ##
## Cache variables. ##
## ---------------- ##

ac_cv_build=x86_64-suse-linux-gnu
ac_cv_c_compiler_gnu=yes
ac_cv_cxx_compiler_gnu=yes
ac_cv_env_CCC_set=
ac_cv_env_CCC_value=
ac_cv_env_CC_set=
ac_cv_env_CC_value=
ac_cv_env_CFLAGS_set=
ac_cv_env_CFLAGS_value=
ac_cv_env_CPPFLAGS_set=
ac_cv_env_CPPFLAGS_value=
ac_cv_env_CXXFLAGS_set=
ac_cv_env_CXXFLAGS_value=
ac_cv_env_CXX_set=
ac_cv_env_CXX_value=
ac_cv_env_LDFLAGS_set=
ac_cv_env_LDFLAGS_value=
ac_cv_env_LIBS_set=
ac_cv_env_LIBS_value=
ac_cv_env_build_alias_set=
ac_cv_env_build_alias_value=
ac_cv_env_host_alias_set=
ac_cv_env_host_alias_value=
ac_cv_env_target_alias_set=
ac_cv_env_target_alias_value=
ac_cv_host=x86_64-suse-linux-gnu
ac_cv_objext=o
ac_cv_path_WX_CONFIG_PATH=/opt/wx/2.8/bin/wx-config
ac_cv_path_install='/usr/bin/install -c'
ac_cv_prog_ac_ct_AR=ar
ac_cv_prog_ac_ct_CC=gcc
ac_cv_prog_ac_ct_CXX=g++
ac_cv_prog_ac_ct_NM=nm
ac_cv_prog_ac_ct_RANLIB=ranlib
ac_cv_prog_ac_ct_STRIP=strip
ac_cv_prog_cc_c89=
ac_cv_prog_cc_g=yes
ac_cv_prog_cxx_g=yes
ac_cv_prog_make_make_set=yes
ac_cv_target=x86_64-suse-linux-gnu
bakefile_cv_c_compiler___INTEL_COMPILER=no
bakefile_cv_cxx_compiler___INTEL_COMPILER=no
bakefile_cv_cxx_compiler___SUNPRO_CC=no
bakefile_cv_prog_makeisgnu=yes

## ----------------- ##
## Output variables. ##
## ----------------- ##

AIX_CXX_LD=''
AR='ar'
AROPTIONS='rcu'
BK_DEPS='/home/leonti/proba/restaurant_pos/bk-deps'
CC='gcc'
CFLAGS=' -pthread'
COND_BUILD_DEBUG='#'
COND_BUILD_DEBUG_UNICODE_0='#'
COND_BUILD_DEBUG_UNICODE_1='#'
COND_BUILD_RELEASE='#'
COND_BUILD_RELEASE_UNICODE_1='#'
COND_DEPS_TRACKING_0='#'
COND_DEPS_TRACKING_1=''
COND_MONOLITHIC_1='#'
COND_PLATFORM_MAC_0=''
COND_PLATFORM_MAC_1='#'
COND_PLATFORM_OS2_1='#'
COND_PLATFORM_WIN32_1='#'
COND_UNICODE_1='#'
CPPFLAGS=''
CXX='g++'
CXXFLAGS=' -I/opt/wx/2.8/lib/wx/include/gtk2-unicode-release-2.8 -I/opt/wx/2.8/include/wx-2.8 -D_FILE_OFFSET_BITS=64 -D_LARGE_FILES -D__WXGTK__ -pthread'
DEFS='-DPACKAGE_NAME=\"myprog\" -DPACKAGE_TARNAME=\"myprog\" -DPACKAGE_VERSION=\"1.2.3\" -DPACKAGE_STRING=\"myprog\ 1.2.3\" -DPACKAGE_BUGREPORT=\"mymail@myserver.com\"'
DEPS_TRACKING='1'
DLLIMP_SUFFIX='so'
DLLPREFIX='lib'
DLLPREFIX_MODULE=''
ECHO_C=''
ECHO_N='-n'
ECHO_T=''
EXEEXT=''
IF_GNU_MAKE=''
INSTALL_DATA='${INSTALL} -m 644'
INSTALL_DIR='$(INSTALL) -d'
INSTALL_PROGRAM='${INSTALL}'
INSTALL_SCRIPT='${INSTALL}'
LDFLAGS=' -L/opt/wx/2.8/lib -pthread   -L/usr/lib64   -lwx_gtk2u-2.8 '
LDFLAGS_GUI=''
LIBEXT='.a'
LIBOBJS=''
LIBPREFIX='lib'
LIBS=''
LN_S='ln -s'
LTLIBOBJS=''
MAKE_SET=''
NM='nm'
OBJEXT='o'
PACKAGE_BUGREPORT='mymail@myserver.com'
PACKAGE_NAME='myprog'
PACKAGE_STRING='myprog 1.2.3'
PACKAGE_TARNAME='myprog'
PACKAGE_VERSION='1.2.3'
PATH_SEPARATOR=':'
PIC_FLAG='-fPIC -DPIC'
PLATFORM_BEOS='0'
PLATFORM_MAC='0'
PLATFORM_MACOS='0'
PLATFORM_MACOSX='0'
PLATFORM_MSDOS='0'
PLATFORM_OS2='0'
PLATFORM_UNIX='1'
PLATFORM_WIN32='0'
RANLIB='ranlib'
REZ=''
SETFILE=''
SET_MAKE=''
SHARED_LD_CC='$(CC) -shared -fPIC -o'
SHARED_LD_CXX='$(CXX) -shared -fPIC -o'
SHARED_LD_MODULE_CC='$(CC) -shared -fPIC -o'
SHARED_LD_MODULE_CXX='$(CXX) -shared -fPIC -o'
SHELL='/bin/sh'
SONAME_FLAG='-Wl,-soname,'
SO_SUFFIX='so'
SO_SUFFIX_MODULE='so'
STRIP='strip'
USE_MACVERSION='0'
USE_SOSYMLINKS='1'
USE_SOVERCYGWIN='0'
USE_SOVERLINUX='1'
USE_SOVERSION='1'
USE_SOVERSOLARIS='0'
WINDOWS_IMPLIB='0'
WINDRES=''
WX_CFLAGS='-I/opt/wx/2.8/lib/wx/include/gtk2-unicode-release-2.8 -I/opt/wx/2.8/include/wx-2.8 -D_FILE_OFFSET_BITS=64 -D_LARGE_FILES -D__WXGTK__ -pthread'
WX_CFLAGS_ONLY='-pthread'
WX_CONFIG_PATH='/opt/wx/2.8/bin/wx-config'
WX_CPPFLAGS='-I/opt/wx/2.8/lib/wx/include/gtk2-unicode-release-2.8 -I/opt/wx/2.8/include/wx-2.8 -D_FILE_OFFSET_BITS=64 -D_LARGE_FILES -D__WXGTK__'
WX_CXXFLAGS='-I/opt/wx/2.8/lib/wx/include/gtk2-unicode-release-2.8 -I/opt/wx/2.8/include/wx-2.8 -D_FILE_OFFSET_BITS=64 -D_LARGE_FILES -D__WXGTK__ -pthread'
WX_CXXFLAGS_ONLY=''
WX_LIBS='-L/opt/wx/2.8/lib -pthread   -L/usr/lib64   -lwx_gtk2u-2.8 '
WX_LIBS_STATIC=''
WX_RESCOMP=''
WX_VERSION='2.8.7'
ac_ct_CC='gcc'
ac_ct_CXX='g++'
bindir='${exec_prefix}/bin'
build='x86_64-suse-linux-gnu'
build_alias=''
build_cpu='x86_64'
build_os='linux-gnu'
build_vendor='suse'
datadir='${datarootdir}'
datarootdir='${prefix}/share'
dlldir='${exec_prefix}/lib'
docdir='${datarootdir}/doc/${PACKAGE_TARNAME}'
dvidir='${docdir}'
exec_prefix='${prefix}'
host='x86_64-suse-linux-gnu'
host_alias=''
host_cpu='x86_64'
host_os='linux-gnu'
host_vendor='suse'
htmldir='${docdir}'
includedir='${prefix}/include'
infodir='${datarootdir}/info'
libdir='${exec_prefix}/lib'
libexecdir='${exec_prefix}/libexec'
localedir='${datarootdir}/locale'
localstatedir='${prefix}/var'
mandir='${datarootdir}/man'
oldincludedir='/usr/include'
pdfdir='${docdir}'
prefix='/usr/local'
program_transform_name='s,x,x,'
psdir='${docdir}'
sbindir='${exec_prefix}/sbin'
sharedstatedir='${prefix}/com'
sysconfdir='${prefix}/etc'
target='x86_64-suse-linux-gnu'
target_alias=''
target_cpu='x86_64'
target_os='linux-gnu'
target_vendor='suse'

## ----------- ##
## confdefs.h. ##
## ----------- ##

#define PACKAGE_NAME "myprog"
#define PACKAGE_TARNAME "myprog"
#define PACKAGE_VERSION "1.2.3"
#define PACKAGE_STRING "myprog 1.2.3"
#define PACKAGE_BUGREPORT "mymail@myserver.com"

configure: exit 0
